{"/Users/marcusdb/Documents/Env/workspace/microGears/spec/microGearsSpec.js":{"path":"/Users/marcusdb/Documents/Env/workspace/microGears/spec/microGearsSpec.js","s":{"1":1,"2":1,"3":1,"4":1,"5":1,"6":1,"7":10,"8":1,"9":1,"10":0,"11":0,"12":1,"13":1,"14":1,"15":0,"16":0,"17":1,"18":1,"19":1,"20":1,"21":1,"22":0,"23":1,"24":1,"25":1,"26":1,"27":0,"28":1,"29":1,"30":1,"31":1,"32":0,"33":0,"34":1,"35":0,"36":1,"37":1,"38":1,"39":1,"40":1,"41":1,"42":0,"43":1,"44":1,"45":1,"46":1,"47":1,"48":1,"49":0,"50":1,"51":1,"52":1,"53":1,"54":0,"55":1,"56":1,"57":1,"58":1,"59":1,"60":1,"61":1,"62":1,"63":1,"64":1,"65":0,"66":1,"67":1,"68":1,"69":1,"70":0,"71":1,"72":1,"73":1,"74":1,"75":1,"76":1,"77":1,"78":1,"79":1,"80":1,"81":0,"82":1,"83":1,"84":1,"85":1,"86":0,"87":1,"88":1,"89":1,"90":1,"91":1,"92":1,"93":1,"94":1,"95":1,"96":1,"97":1,"98":1,"99":1,"100":1,"101":1,"102":1,"103":1,"104":1,"105":1,"106":0,"107":1,"108":1,"109":1,"110":1,"111":1,"112":0,"113":1,"114":1,"115":1,"116":1,"117":1,"118":1,"119":1,"120":1},"b":{},"f":{"1":1,"2":10,"3":1,"4":0,"5":0,"6":1,"7":0,"8":0,"9":1,"10":1,"11":0,"12":1,"13":1,"14":0,"15":1,"16":1,"17":0,"18":0,"19":1,"20":1,"21":1,"22":0,"23":1,"24":1,"25":0,"26":1,"27":1,"28":0,"29":1,"30":1,"31":0,"32":1,"33":1,"34":0,"35":1,"36":1,"37":0,"38":1,"39":1,"40":0,"41":1,"42":1,"43":1,"44":0,"45":1,"46":1,"47":0,"48":1,"49":1},"fnMap":{"1":{"name":"(anonymous_1)","line":10,"loc":{"start":{"line":10,"column":24},"end":{"line":10,"column":36}}},"2":{"name":"(anonymous_2)","line":12,"loc":{"start":{"line":12,"column":15},"end":{"line":12,"column":27}}},"3":{"name":"(anonymous_3)","line":16,"loc":{"start":{"line":16,"column":46},"end":{"line":16,"column":58}}},"4":{"name":"(anonymous_4)","line":20,"loc":{"start":{"line":20,"column":27},"end":{"line":20,"column":49}}},"5":{"name":"(anonymous_5)","line":23,"loc":{"start":{"line":23,"column":27},"end":{"line":23,"column":49}}},"6":{"name":"(anonymous_6)","line":31,"loc":{"start":{"line":31,"column":61},"end":{"line":31,"column":73}}},"7":{"name":"(anonymous_7)","line":35,"loc":{"start":{"line":35,"column":27},"end":{"line":35,"column":49}}},"8":{"name":"(anonymous_8)","line":38,"loc":{"start":{"line":38,"column":27},"end":{"line":38,"column":49}}},"9":{"name":"(anonymous_9)","line":47,"loc":{"start":{"line":47,"column":63},"end":{"line":47,"column":75}}},"10":{"name":"(anonymous_10)","line":51,"loc":{"start":{"line":51,"column":27},"end":{"line":51,"column":49}}},"11":{"name":"(anonymous_11)","line":54,"loc":{"start":{"line":54,"column":27},"end":{"line":54,"column":49}}},"12":{"name":"(anonymous_12)","line":61,"loc":{"start":{"line":61,"column":63},"end":{"line":61,"column":75}}},"13":{"name":"(anonymous_13)","line":65,"loc":{"start":{"line":65,"column":27},"end":{"line":65,"column":49}}},"14":{"name":"(anonymous_14)","line":68,"loc":{"start":{"line":68,"column":27},"end":{"line":68,"column":49}}},"15":{"name":"(anonymous_15)","line":75,"loc":{"start":{"line":75,"column":49},"end":{"line":75,"column":65}}},"16":{"name":"(anonymous_16)","line":79,"loc":{"start":{"line":79,"column":27},"end":{"line":79,"column":43}}},"17":{"name":"(anonymous_17)","line":83,"loc":{"start":{"line":83,"column":27},"end":{"line":83,"column":49}}},"18":{"name":"(anonymous_18)","line":88,"loc":{"start":{"line":88,"column":23},"end":{"line":88,"column":38}}},"19":{"name":"(anonymous_19)","line":91,"loc":{"start":{"line":91,"column":24},"end":{"line":91,"column":39}}},"20":{"name":"(anonymous_20)","line":98,"loc":{"start":{"line":98,"column":44},"end":{"line":98,"column":60}}},"21":{"name":"(anonymous_21)","line":102,"loc":{"start":{"line":102,"column":27},"end":{"line":102,"column":39}}},"22":{"name":"(anonymous_22)","line":105,"loc":{"start":{"line":105,"column":27},"end":{"line":105,"column":49}}},"23":{"name":"filter","line":112,"loc":{"start":{"line":112,"column":20},"end":{"line":112,"column":55}}},"24":{"name":"(anonymous_24)","line":117,"loc":{"start":{"line":117,"column":23},"end":{"line":117,"column":38}}},"25":{"name":"(anonymous_25)","line":120,"loc":{"start":{"line":120,"column":24},"end":{"line":120,"column":39}}},"26":{"name":"(anonymous_26)","line":127,"loc":{"start":{"line":127,"column":81},"end":{"line":127,"column":97}}},"27":{"name":"(anonymous_27)","line":131,"loc":{"start":{"line":131,"column":27},"end":{"line":131,"column":39}}},"28":{"name":"(anonymous_28)","line":134,"loc":{"start":{"line":134,"column":27},"end":{"line":134,"column":49}}},"29":{"name":"filter","line":141,"loc":{"start":{"line":141,"column":20},"end":{"line":141,"column":55}}},"30":{"name":"(anonymous_30)","line":152,"loc":{"start":{"line":152,"column":23},"end":{"line":152,"column":35}}},"31":{"name":"(anonymous_31)","line":156,"loc":{"start":{"line":156,"column":24},"end":{"line":156,"column":39}}},"32":{"name":"(anonymous_32)","line":163,"loc":{"start":{"line":163,"column":106},"end":{"line":163,"column":122}}},"33":{"name":"(anonymous_33)","line":167,"loc":{"start":{"line":167,"column":27},"end":{"line":167,"column":39}}},"34":{"name":"(anonymous_34)","line":170,"loc":{"start":{"line":170,"column":27},"end":{"line":170,"column":49}}},"35":{"name":"filter","line":177,"loc":{"start":{"line":177,"column":20},"end":{"line":177,"column":55}}},"36":{"name":"(anonymous_36)","line":187,"loc":{"start":{"line":187,"column":23},"end":{"line":187,"column":35}}},"37":{"name":"(anonymous_37)","line":192,"loc":{"start":{"line":192,"column":24},"end":{"line":192,"column":39}}},"38":{"name":"(anonymous_38)","line":199,"loc":{"start":{"line":199,"column":81},"end":{"line":199,"column":97}}},"39":{"name":"(anonymous_39)","line":203,"loc":{"start":{"line":203,"column":27},"end":{"line":203,"column":39}}},"40":{"name":"(anonymous_40)","line":206,"loc":{"start":{"line":206,"column":27},"end":{"line":206,"column":49}}},"41":{"name":"filter","line":213,"loc":{"start":{"line":213,"column":20},"end":{"line":213,"column":55}}},"42":{"name":"filter","line":220,"loc":{"start":{"line":220,"column":20},"end":{"line":220,"column":55}}},"43":{"name":"(anonymous_43)","line":235,"loc":{"start":{"line":235,"column":23},"end":{"line":235,"column":35}}},"44":{"name":"(anonymous_44)","line":242,"loc":{"start":{"line":242,"column":24},"end":{"line":242,"column":39}}},"45":{"name":"(anonymous_45)","line":248,"loc":{"start":{"line":248,"column":106},"end":{"line":248,"column":122}}},"46":{"name":"(anonymous_46)","line":252,"loc":{"start":{"line":252,"column":27},"end":{"line":252,"column":39}}},"47":{"name":"(anonymous_47)","line":256,"loc":{"start":{"line":256,"column":27},"end":{"line":256,"column":49}}},"48":{"name":"filter","line":263,"loc":{"start":{"line":263,"column":20},"end":{"line":263,"column":55}}},"49":{"name":"filter","line":269,"loc":{"start":{"line":269,"column":20},"end":{"line":269,"column":55}}}},"statementMap":{"1":{"start":{"line":5,"column":0},"end":{"line":5,"column":41}},"2":{"start":{"line":6,"column":0},"end":{"line":6,"column":42}},"3":{"start":{"line":7,"column":0},"end":{"line":7,"column":29}},"4":{"start":{"line":8,"column":0},"end":{"line":8,"column":36}},"5":{"start":{"line":10,"column":0},"end":{"line":284,"column":3}},"6":{"start":{"line":12,"column":4},"end":{"line":14,"column":7}},"7":{"start":{"line":13,"column":8},"end":{"line":13,"column":37}},"8":{"start":{"line":16,"column":4},"end":{"line":30,"column":7}},"9":{"start":{"line":17,"column":8},"end":{"line":27,"column":11}},"10":{"start":{"line":21,"column":16},"end":{"line":21,"column":56}},"11":{"start":{"line":24,"column":16},"end":{"line":24,"column":35}},"12":{"start":{"line":29,"column":8},"end":{"line":29,"column":59}},"13":{"start":{"line":31,"column":4},"end":{"line":46,"column":7}},"14":{"start":{"line":32,"column":8},"end":{"line":42,"column":11}},"15":{"start":{"line":36,"column":16},"end":{"line":36,"column":56}},"16":{"start":{"line":39,"column":16},"end":{"line":39,"column":35}},"17":{"start":{"line":44,"column":8},"end":{"line":44,"column":73}},"18":{"start":{"line":45,"column":8},"end":{"line":45,"column":73}},"19":{"start":{"line":47,"column":4},"end":{"line":60,"column":7}},"20":{"start":{"line":48,"column":8},"end":{"line":58,"column":11}},"21":{"start":{"line":52,"column":16},"end":{"line":52,"column":56}},"22":{"start":{"line":55,"column":16},"end":{"line":55,"column":35}},"23":{"start":{"line":59,"column":8},"end":{"line":59,"column":83}},"24":{"start":{"line":61,"column":4},"end":{"line":74,"column":7}},"25":{"start":{"line":62,"column":8},"end":{"line":72,"column":11}},"26":{"start":{"line":66,"column":16},"end":{"line":66,"column":56}},"27":{"start":{"line":69,"column":16},"end":{"line":69,"column":35}},"28":{"start":{"line":73,"column":8},"end":{"line":73,"column":110}},"29":{"start":{"line":75,"column":4},"end":{"line":96,"column":7}},"30":{"start":{"line":76,"column":8},"end":{"line":87,"column":11}},"31":{"start":{"line":80,"column":16},"end":{"line":80,"column":35}},"32":{"start":{"line":81,"column":16},"end":{"line":81,"column":28}},"33":{"start":{"line":84,"column":16},"end":{"line":84,"column":35}},"34":{"start":{"line":88,"column":8},"end":{"line":90,"column":10}},"35":{"start":{"line":89,"column":12},"end":{"line":89,"column":40}},"36":{"start":{"line":91,"column":8},"end":{"line":93,"column":10}},"37":{"start":{"line":92,"column":12},"end":{"line":92,"column":44}},"38":{"start":{"line":94,"column":8},"end":{"line":94,"column":108}},"39":{"start":{"line":98,"column":4},"end":{"line":125,"column":7}},"40":{"start":{"line":99,"column":8},"end":{"line":109,"column":11}},"41":{"start":{"line":103,"column":16},"end":{"line":103,"column":28}},"42":{"start":{"line":106,"column":16},"end":{"line":106,"column":35}},"43":{"start":{"line":110,"column":8},"end":{"line":115,"column":10}},"44":{"start":{"line":113,"column":16},"end":{"line":113,"column":41}},"45":{"start":{"line":116,"column":8},"end":{"line":116,"column":38}},"46":{"start":{"line":117,"column":8},"end":{"line":119,"column":10}},"47":{"start":{"line":118,"column":12},"end":{"line":118,"column":44}},"48":{"start":{"line":120,"column":8},"end":{"line":122,"column":10}},"49":{"start":{"line":121,"column":12},"end":{"line":121,"column":40}},"50":{"start":{"line":123,"column":8},"end":{"line":123,"column":108}},"51":{"start":{"line":127,"column":4},"end":{"line":161,"column":7}},"52":{"start":{"line":128,"column":8},"end":{"line":138,"column":10}},"53":{"start":{"line":132,"column":16},"end":{"line":132,"column":28}},"54":{"start":{"line":135,"column":16},"end":{"line":135,"column":35}},"55":{"start":{"line":139,"column":8},"end":{"line":144,"column":10}},"56":{"start":{"line":142,"column":16},"end":{"line":142,"column":41}},"57":{"start":{"line":145,"column":8},"end":{"line":145,"column":44}},"58":{"start":{"line":146,"column":8},"end":{"line":146,"column":29}},"59":{"start":{"line":148,"column":8},"end":{"line":148,"column":39}},"60":{"start":{"line":150,"column":8},"end":{"line":150,"column":38}},"61":{"start":{"line":152,"column":8},"end":{"line":155,"column":10}},"62":{"start":{"line":153,"column":12},"end":{"line":153,"column":46}},"63":{"start":{"line":154,"column":12},"end":{"line":154,"column":46}},"64":{"start":{"line":156,"column":8},"end":{"line":158,"column":10}},"65":{"start":{"line":157,"column":12},"end":{"line":157,"column":40}},"66":{"start":{"line":159,"column":8},"end":{"line":159,"column":108}},"67":{"start":{"line":163,"column":4},"end":{"line":197,"column":7}},"68":{"start":{"line":164,"column":8},"end":{"line":173,"column":10}},"69":{"start":{"line":168,"column":16},"end":{"line":168,"column":28}},"70":{"start":{"line":171,"column":16},"end":{"line":171,"column":35}},"71":{"start":{"line":175,"column":8},"end":{"line":180,"column":10}},"72":{"start":{"line":178,"column":16},"end":{"line":178,"column":41}},"73":{"start":{"line":181,"column":8},"end":{"line":181,"column":38}},"74":{"start":{"line":182,"column":8},"end":{"line":182,"column":51}},"75":{"start":{"line":183,"column":8},"end":{"line":183,"column":36}},"76":{"start":{"line":185,"column":8},"end":{"line":185,"column":39}},"77":{"start":{"line":187,"column":8},"end":{"line":191,"column":10}},"78":{"start":{"line":189,"column":12},"end":{"line":189,"column":46}},"79":{"start":{"line":190,"column":12},"end":{"line":190,"column":46}},"80":{"start":{"line":192,"column":8},"end":{"line":194,"column":10}},"81":{"start":{"line":193,"column":12},"end":{"line":193,"column":40}},"82":{"start":{"line":195,"column":8},"end":{"line":195,"column":108}},"83":{"start":{"line":199,"column":4},"end":{"line":247,"column":7}},"84":{"start":{"line":200,"column":8},"end":{"line":209,"column":10}},"85":{"start":{"line":204,"column":16},"end":{"line":204,"column":28}},"86":{"start":{"line":207,"column":16},"end":{"line":207,"column":35}},"87":{"start":{"line":211,"column":8},"end":{"line":217,"column":10}},"88":{"start":{"line":214,"column":16},"end":{"line":214,"column":50}},"89":{"start":{"line":215,"column":16},"end":{"line":215,"column":41}},"90":{"start":{"line":218,"column":8},"end":{"line":224,"column":10}},"91":{"start":{"line":221,"column":16},"end":{"line":221,"column":50}},"92":{"start":{"line":222,"column":16},"end":{"line":222,"column":41}},"93":{"start":{"line":225,"column":8},"end":{"line":225,"column":44}},"94":{"start":{"line":226,"column":8},"end":{"line":226,"column":45}},"95":{"start":{"line":228,"column":8},"end":{"line":228,"column":29}},"96":{"start":{"line":229,"column":8},"end":{"line":229,"column":30}},"97":{"start":{"line":230,"column":8},"end":{"line":230,"column":38}},"98":{"start":{"line":231,"column":8},"end":{"line":231,"column":38}},"99":{"start":{"line":233,"column":8},"end":{"line":233,"column":39}},"100":{"start":{"line":235,"column":8},"end":{"line":241,"column":10}},"101":{"start":{"line":237,"column":12},"end":{"line":237,"column":46}},"102":{"start":{"line":238,"column":12},"end":{"line":238,"column":46}},"103":{"start":{"line":239,"column":12},"end":{"line":239,"column":47}},"104":{"start":{"line":240,"column":12},"end":{"line":240,"column":47}},"105":{"start":{"line":242,"column":8},"end":{"line":244,"column":10}},"106":{"start":{"line":243,"column":12},"end":{"line":243,"column":40}},"107":{"start":{"line":245,"column":8},"end":{"line":245,"column":108}},"108":{"start":{"line":248,"column":4},"end":{"line":282,"column":7}},"109":{"start":{"line":249,"column":8},"end":{"line":259,"column":10}},"110":{"start":{"line":253,"column":16},"end":{"line":253,"column":65}},"111":{"start":{"line":254,"column":16},"end":{"line":254,"column":28}},"112":{"start":{"line":257,"column":16},"end":{"line":257,"column":35}},"113":{"start":{"line":261,"column":8},"end":{"line":266,"column":10}},"114":{"start":{"line":264,"column":16},"end":{"line":264,"column":41}},"115":{"start":{"line":267,"column":8},"end":{"line":272,"column":10}},"116":{"start":{"line":270,"column":16},"end":{"line":270,"column":41}},"117":{"start":{"line":274,"column":8},"end":{"line":274,"column":38}},"118":{"start":{"line":275,"column":8},"end":{"line":275,"column":38}},"119":{"start":{"line":277,"column":8},"end":{"line":277,"column":39}},"120":{"start":{"line":280,"column":8},"end":{"line":280,"column":76}}},"branchMap":{}},"/Users/marcusdb/Documents/Env/workspace/microGears/src/index.js":{"path":"/Users/marcusdb/Documents/Env/workspace/microGears/src/index.js","s":{"1":1,"2":1,"3":1,"4":1,"5":1,"6":1,"7":7,"8":0,"9":7,"10":0,"11":7,"12":0,"13":7,"14":7,"15":1,"16":0,"17":0,"18":0,"19":0,"20":1,"21":8,"22":8,"23":8,"24":8,"25":8,"26":8,"27":1,"28":8,"29":8,"30":8,"31":8,"32":7,"33":8,"34":8,"35":8,"36":1,"37":10,"38":0,"39":1,"40":40,"41":20,"42":20,"43":8,"44":8,"45":8,"46":1,"47":16,"48":4,"49":12,"50":12,"51":6,"52":6,"53":0,"54":12,"55":1,"56":10,"57":0,"58":10,"59":0,"60":10,"61":10,"62":10,"63":10,"64":10,"65":1,"66":10,"67":10,"68":10,"69":9,"70":10,"71":10,"72":10,"73":1,"74":1,"75":1,"76":1,"77":1,"78":1},"b":{"1":[0,7],"2":[0,7],"3":[0,7],"4":[0,0],"5":[8,8],"6":[8,8],"7":[0,10],"8":[20,20],"9":[4,12],"10":[0,6],"11":[6,0],"12":[0,10],"13":[0,10],"14":[10,0],"15":[10,1]},"f":{"1":1,"2":7,"3":0,"4":8,"5":8,"6":8,"7":7,"8":8,"9":10,"10":40,"11":8,"12":16,"13":6,"14":10,"15":10,"16":9},"fnMap":{"1":{"name":"ServiceController","line":7,"loc":{"start":{"line":7,"column":20},"end":{"line":7,"column":49}}},"2":{"name":"_addPlugin","line":10,"loc":{"start":{"line":10,"column":17},"end":{"line":10,"column":45}}},"3":{"name":"_removePlugin","line":24,"loc":{"start":{"line":24,"column":20},"end":{"line":24,"column":55}}},"4":{"name":"_buildPluginChainCached","line":32,"loc":{"start":{"line":32,"column":30},"end":{"line":32,"column":76}}},"5":{"name":"_buildPluginChain","line":41,"loc":{"start":{"line":41,"column":24},"end":{"line":41,"column":64}}},"6":{"name":"(anonymous_6)","line":43,"loc":{"start":{"line":43,"column":19},"end":{"line":43,"column":31}}},"7":{"name":"(anonymous_7)","line":46,"loc":{"start":{"line":46,"column":38},"end":{"line":46,"column":51}}},"8":{"name":"(anonymous_8)","line":51,"loc":{"start":{"line":51,"column":21},"end":{"line":51,"column":46}}},"9":{"name":"_validadeService","line":57,"loc":{"start":{"line":57,"column":23},"end":{"line":57,"column":58}}},"10":{"name":"_createPromisifyProxy","line":63,"loc":{"start":{"line":63,"column":28},"end":{"line":63,"column":69}}},"11":{"name":"(anonymous_11)","line":66,"loc":{"start":{"line":66,"column":23},"end":{"line":66,"column":35}}},"12":{"name":"_deepFreeze","line":79,"loc":{"start":{"line":79,"column":18},"end":{"line":79,"column":44}}},"13":{"name":"(anonymous_13)","line":88,"loc":{"start":{"line":88,"column":26},"end":{"line":88,"column":42}}},"14":{"name":"_addService","line":100,"loc":{"start":{"line":100,"column":18},"end":{"line":100,"column":48}}},"15":{"name":"(anonymous_15)","line":115,"loc":{"start":{"line":115,"column":23},"end":{"line":115,"column":35}}},"16":{"name":"(anonymous_16)","line":118,"loc":{"start":{"line":118,"column":26},"end":{"line":118,"column":49}}}},"statementMap":{"1":{"start":{"line":3,"column":0},"end":{"line":3,"column":42}},"2":{"start":{"line":4,"column":0},"end":{"line":4,"column":25}},"3":{"start":{"line":5,"column":0},"end":{"line":5,"column":22}},"4":{"start":{"line":7,"column":0},"end":{"line":133,"column":4}},"5":{"start":{"line":8,"column":4},"end":{"line":8,"column":240}},"6":{"start":{"line":10,"column":4},"end":{"line":22,"column":6}},"7":{"start":{"line":11,"column":8},"end":{"line":13,"column":9}},"8":{"start":{"line":12,"column":12},"end":{"line":12,"column":46}},"9":{"start":{"line":14,"column":8},"end":{"line":16,"column":9}},"10":{"start":{"line":15,"column":12},"end":{"line":15,"column":45}},"11":{"start":{"line":17,"column":8},"end":{"line":19,"column":9}},"12":{"start":{"line":18,"column":12},"end":{"line":18,"column":66}},"13":{"start":{"line":20,"column":8},"end":{"line":20,"column":46}},"14":{"start":{"line":21,"column":8},"end":{"line":21,"column":31}},"15":{"start":{"line":24,"column":4},"end":{"line":30,"column":6}},"16":{"start":{"line":25,"column":8},"end":{"line":27,"column":9}},"17":{"start":{"line":26,"column":12},"end":{"line":26,"column":61}},"18":{"start":{"line":28,"column":8},"end":{"line":28,"column":36}},"19":{"start":{"line":29,"column":8},"end":{"line":29,"column":31}},"20":{"start":{"line":32,"column":4},"end":{"line":39,"column":6}},"21":{"start":{"line":33,"column":8},"end":{"line":33,"column":33}},"22":{"start":{"line":34,"column":8},"end":{"line":34,"column":48}},"23":{"start":{"line":35,"column":8},"end":{"line":35,"column":80}},"24":{"start":{"line":36,"column":8},"end":{"line":36,"column":97}},"25":{"start":{"line":37,"column":8},"end":{"line":37,"column":63}},"26":{"start":{"line":38,"column":8},"end":{"line":38,"column":22}},"27":{"start":{"line":41,"column":4},"end":{"line":55,"column":6}},"28":{"start":{"line":42,"column":8},"end":{"line":42,"column":32}},"29":{"start":{"line":43,"column":8},"end":{"line":45,"column":10}},"30":{"start":{"line":44,"column":12},"end":{"line":44,"column":85}},"31":{"start":{"line":46,"column":8},"end":{"line":48,"column":11}},"32":{"start":{"line":47,"column":12},"end":{"line":47,"column":68}},"33":{"start":{"line":49,"column":8},"end":{"line":49,"column":29}},"34":{"start":{"line":50,"column":8},"end":{"line":54,"column":10}},"35":{"start":{"line":52,"column":16},"end":{"line":52,"column":54}},"36":{"start":{"line":57,"column":4},"end":{"line":61,"column":6}},"37":{"start":{"line":58,"column":8},"end":{"line":60,"column":9}},"38":{"start":{"line":59,"column":12},"end":{"line":59,"column":45}},"39":{"start":{"line":63,"column":4},"end":{"line":77,"column":6}},"40":{"start":{"line":64,"column":8},"end":{"line":75,"column":9}},"41":{"start":{"line":65,"column":12},"end":{"line":65,"column":32}},"42":{"start":{"line":66,"column":12},"end":{"line":74,"column":14}},"43":{"start":{"line":67,"column":16},"end":{"line":67,"column":82}},"44":{"start":{"line":68,"column":16},"end":{"line":72,"column":18}},"45":{"start":{"line":73,"column":16},"end":{"line":73,"column":103}},"46":{"start":{"line":79,"column":4},"end":{"line":99,"column":6}},"47":{"start":{"line":80,"column":8},"end":{"line":82,"column":9}},"48":{"start":{"line":81,"column":12},"end":{"line":81,"column":23}},"49":{"start":{"line":85,"column":8},"end":{"line":85,"column":56}},"50":{"start":{"line":88,"column":8},"end":{"line":96,"column":11}},"51":{"start":{"line":89,"column":12},"end":{"line":89,"column":33}},"52":{"start":{"line":92,"column":12},"end":{"line":94,"column":13}},"53":{"start":{"line":93,"column":16},"end":{"line":93,"column":34}},"54":{"start":{"line":98,"column":8},"end":{"line":98,"column":34}},"55":{"start":{"line":100,"column":4},"end":{"line":113,"column":6}},"56":{"start":{"line":101,"column":8},"end":{"line":103,"column":9}},"57":{"start":{"line":102,"column":12},"end":{"line":102,"column":46}},"58":{"start":{"line":104,"column":8},"end":{"line":106,"column":9}},"59":{"start":{"line":105,"column":12},"end":{"line":105,"column":51}},"60":{"start":{"line":107,"column":8},"end":{"line":107,"column":34}},"61":{"start":{"line":108,"column":8},"end":{"line":108,"column":36}},"62":{"start":{"line":109,"column":8},"end":{"line":109,"column":37}},"63":{"start":{"line":110,"column":8},"end":{"line":110,"column":78}},"64":{"start":{"line":112,"column":8},"end":{"line":112,"column":53}},"65":{"start":{"line":115,"column":4},"end":{"line":124,"column":6}},"66":{"start":{"line":116,"column":8},"end":{"line":116,"column":25}},"67":{"start":{"line":117,"column":8},"end":{"line":117,"column":36}},"68":{"start":{"line":118,"column":8},"end":{"line":120,"column":11}},"69":{"start":{"line":119,"column":12},"end":{"line":119,"column":38}},"70":{"start":{"line":121,"column":8},"end":{"line":121,"column":23}},"71":{"start":{"line":122,"column":8},"end":{"line":122,"column":31}},"72":{"start":{"line":123,"column":8},"end":{"line":123,"column":22}},"73":{"start":{"line":126,"column":4},"end":{"line":126,"column":50}},"74":{"start":{"line":127,"column":4},"end":{"line":127,"column":48}},"75":{"start":{"line":128,"column":4},"end":{"line":128,"column":54}},"76":{"start":{"line":129,"column":4},"end":{"line":129,"column":60}},"77":{"start":{"line":131,"column":4},"end":{"line":131,"column":32}},"78":{"start":{"line":135,"column":0},"end":{"line":135,"column":35}}},"branchMap":{"1":{"line":11,"type":"if","locations":[{"start":{"line":11,"column":8},"end":{"line":11,"column":8}},{"start":{"line":11,"column":8},"end":{"line":11,"column":8}}]},"2":{"line":14,"type":"if","locations":[{"start":{"line":14,"column":8},"end":{"line":14,"column":8}},{"start":{"line":14,"column":8},"end":{"line":14,"column":8}}]},"3":{"line":17,"type":"if","locations":[{"start":{"line":17,"column":8},"end":{"line":17,"column":8}},{"start":{"line":17,"column":8},"end":{"line":17,"column":8}}]},"4":{"line":25,"type":"if","locations":[{"start":{"line":25,"column":8},"end":{"line":25,"column":8}},{"start":{"line":25,"column":8},"end":{"line":25,"column":8}}]},"5":{"line":35,"type":"binary-expr","locations":[{"start":{"line":35,"column":42},"end":{"line":35,"column":73}},{"start":{"line":35,"column":77},"end":{"line":35,"column":79}}]},"6":{"line":36,"type":"binary-expr","locations":[{"start":{"line":36,"column":17},"end":{"line":36,"column":62}},{"start":{"line":36,"column":66},"end":{"line":36,"column":96}}]},"7":{"line":58,"type":"if","locations":[{"start":{"line":58,"column":8},"end":{"line":58,"column":8}},{"start":{"line":58,"column":8},"end":{"line":58,"column":8}}]},"8":{"line":64,"type":"if","locations":[{"start":{"line":64,"column":8},"end":{"line":64,"column":8}},{"start":{"line":64,"column":8},"end":{"line":64,"column":8}}]},"9":{"line":80,"type":"if","locations":[{"start":{"line":80,"column":8},"end":{"line":80,"column":8}},{"start":{"line":80,"column":8},"end":{"line":80,"column":8}}]},"10":{"line":92,"type":"if","locations":[{"start":{"line":92,"column":12},"end":{"line":92,"column":12}},{"start":{"line":92,"column":12},"end":{"line":92,"column":12}}]},"11":{"line":92,"type":"binary-expr","locations":[{"start":{"line":92,"column":16},"end":{"line":92,"column":40}},{"start":{"line":92,"column":44},"end":{"line":92,"column":66}}]},"12":{"line":101,"type":"if","locations":[{"start":{"line":101,"column":8},"end":{"line":101,"column":8}},{"start":{"line":101,"column":8},"end":{"line":101,"column":8}}]},"13":{"line":104,"type":"if","locations":[{"start":{"line":104,"column":8},"end":{"line":104,"column":8}},{"start":{"line":104,"column":8},"end":{"line":104,"column":8}}]},"14":{"line":108,"type":"binary-expr","locations":[{"start":{"line":108,"column":20},"end":{"line":108,"column":29}},{"start":{"line":108,"column":33},"end":{"line":108,"column":35}}]},"15":{"line":117,"type":"binary-expr","locations":[{"start":{"line":117,"column":20},"end":{"line":117,"column":29}},{"start":{"line":117,"column":33},"end":{"line":117,"column":35}}]}}}}