{"/Users/marcusdb/Documents/Env/workspace/microGears/spec/microGearsSpec.js":{"path":"/Users/marcusdb/Documents/Env/workspace/microGears/spec/microGearsSpec.js","s":{"1":1,"2":1,"3":1,"4":1,"5":1,"6":1,"7":10,"8":1,"9":1,"10":0,"11":0,"12":1,"13":1,"14":1,"15":0,"16":0,"17":1,"18":1,"19":1,"20":1,"21":1,"22":0,"23":1,"24":1,"25":1,"26":1,"27":0,"28":1,"29":1,"30":1,"31":1,"32":0,"33":0,"34":1,"35":0,"36":1,"37":1,"38":1,"39":1,"40":1,"41":1,"42":0,"43":1,"44":1,"45":1,"46":1,"47":1,"48":1,"49":0,"50":1,"51":1,"52":1,"53":1,"54":0,"55":1,"56":1,"57":1,"58":1,"59":1,"60":1,"61":1,"62":1,"63":1,"64":1,"65":0,"66":1,"67":1,"68":1,"69":1,"70":0,"71":1,"72":1,"73":1,"74":1,"75":1,"76":1,"77":1,"78":0,"79":1,"80":1,"81":1,"82":1,"83":0,"84":1,"85":1,"86":1,"87":1,"88":0,"89":1,"90":1,"91":1,"92":1,"93":1,"94":1,"95":1,"96":1,"97":1,"98":1,"99":1,"100":1,"101":1,"102":1,"103":0,"104":1,"105":1,"106":1,"107":1,"108":1,"109":1,"110":0,"111":1,"112":1,"113":1,"114":1,"115":1,"116":0,"117":1,"118":1,"119":1,"120":1,"121":1,"122":1,"123":1,"124":1,"125":0,"126":1},"b":{},"f":{"1":1,"2":10,"3":1,"4":0,"5":0,"6":1,"7":0,"8":0,"9":1,"10":1,"11":0,"12":1,"13":1,"14":0,"15":1,"16":1,"17":0,"18":0,"19":1,"20":1,"21":1,"22":0,"23":1,"24":1,"25":0,"26":1,"27":1,"28":0,"29":1,"30":1,"31":0,"32":1,"33":1,"34":0,"35":1,"36":0,"37":1,"38":0,"39":1,"40":1,"41":0,"42":1,"43":1,"44":0,"45":1,"46":0,"47":1,"48":1,"49":0,"50":1,"51":1,"52":0},"fnMap":{"1":{"name":"(anonymous_1)","line":36,"loc":{"start":{"line":36,"column":24},"end":{"line":36,"column":36}}},"2":{"name":"(anonymous_2)","line":38,"loc":{"start":{"line":38,"column":15},"end":{"line":38,"column":27}}},"3":{"name":"(anonymous_3)","line":42,"loc":{"start":{"line":42,"column":46},"end":{"line":42,"column":58}}},"4":{"name":"(anonymous_4)","line":45,"loc":{"start":{"line":45,"column":27},"end":{"line":45,"column":49}}},"5":{"name":"(anonymous_5)","line":48,"loc":{"start":{"line":48,"column":27},"end":{"line":48,"column":49}}},"6":{"name":"(anonymous_6)","line":55,"loc":{"start":{"line":55,"column":61},"end":{"line":55,"column":73}}},"7":{"name":"(anonymous_7)","line":58,"loc":{"start":{"line":58,"column":27},"end":{"line":58,"column":49}}},"8":{"name":"(anonymous_8)","line":61,"loc":{"start":{"line":61,"column":27},"end":{"line":61,"column":49}}},"9":{"name":"(anonymous_9)","line":69,"loc":{"start":{"line":69,"column":63},"end":{"line":69,"column":75}}},"10":{"name":"(anonymous_10)","line":72,"loc":{"start":{"line":72,"column":27},"end":{"line":72,"column":49}}},"11":{"name":"(anonymous_11)","line":75,"loc":{"start":{"line":75,"column":27},"end":{"line":75,"column":49}}},"12":{"name":"(anonymous_12)","line":82,"loc":{"start":{"line":82,"column":63},"end":{"line":82,"column":75}}},"13":{"name":"(anonymous_13)","line":85,"loc":{"start":{"line":85,"column":27},"end":{"line":85,"column":49}}},"14":{"name":"(anonymous_14)","line":88,"loc":{"start":{"line":88,"column":27},"end":{"line":88,"column":49}}},"15":{"name":"(anonymous_15)","line":95,"loc":{"start":{"line":95,"column":49},"end":{"line":95,"column":65}}},"16":{"name":"(anonymous_16)","line":98,"loc":{"start":{"line":98,"column":27},"end":{"line":98,"column":49}}},"17":{"name":"(anonymous_17)","line":103,"loc":{"start":{"line":103,"column":27},"end":{"line":103,"column":49}}},"18":{"name":"(anonymous_18)","line":108,"loc":{"start":{"line":108,"column":23},"end":{"line":108,"column":38}}},"19":{"name":"(anonymous_19)","line":111,"loc":{"start":{"line":111,"column":24},"end":{"line":111,"column":39}}},"20":{"name":"(anonymous_20)","line":119,"loc":{"start":{"line":119,"column":44},"end":{"line":119,"column":60}}},"21":{"name":"(anonymous_21)","line":122,"loc":{"start":{"line":122,"column":27},"end":{"line":122,"column":49}}},"22":{"name":"(anonymous_22)","line":125,"loc":{"start":{"line":125,"column":27},"end":{"line":125,"column":49}}},"23":{"name":"filter","line":132,"loc":{"start":{"line":132,"column":20},"end":{"line":132,"column":56}}},"24":{"name":"(anonymous_24)","line":137,"loc":{"start":{"line":137,"column":23},"end":{"line":137,"column":38}}},"25":{"name":"(anonymous_25)","line":140,"loc":{"start":{"line":140,"column":24},"end":{"line":140,"column":39}}},"26":{"name":"(anonymous_26)","line":147,"loc":{"start":{"line":147,"column":81},"end":{"line":147,"column":97}}},"27":{"name":"(anonymous_27)","line":150,"loc":{"start":{"line":150,"column":27},"end":{"line":150,"column":49}}},"28":{"name":"(anonymous_28)","line":153,"loc":{"start":{"line":153,"column":27},"end":{"line":153,"column":49}}},"29":{"name":"filter","line":160,"loc":{"start":{"line":160,"column":20},"end":{"line":160,"column":56}}},"30":{"name":"(anonymous_30)","line":171,"loc":{"start":{"line":171,"column":23},"end":{"line":171,"column":38}}},"31":{"name":"(anonymous_31)","line":175,"loc":{"start":{"line":175,"column":24},"end":{"line":175,"column":39}}},"32":{"name":"(anonymous_32)","line":182,"loc":{"start":{"line":182,"column":106},"end":{"line":182,"column":122}}},"33":{"name":"(anonymous_33)","line":185,"loc":{"start":{"line":185,"column":27},"end":{"line":185,"column":49}}},"34":{"name":"(anonymous_34)","line":188,"loc":{"start":{"line":188,"column":27},"end":{"line":188,"column":49}}},"35":{"name":"filter","line":195,"loc":{"start":{"line":195,"column":20},"end":{"line":195,"column":56}}},"36":{"name":"(anonymous_36)","line":204,"loc":{"start":{"line":204,"column":21},"end":{"line":204,"column":59}}},"37":{"name":"(anonymous_37)","line":208,"loc":{"start":{"line":208,"column":23},"end":{"line":208,"column":38}}},"38":{"name":"(anonymous_38)","line":213,"loc":{"start":{"line":213,"column":24},"end":{"line":213,"column":39}}},"39":{"name":"(anonymous_39)","line":220,"loc":{"start":{"line":220,"column":81},"end":{"line":220,"column":97}}},"40":{"name":"(anonymous_40)","line":223,"loc":{"start":{"line":223,"column":27},"end":{"line":223,"column":49}}},"41":{"name":"(anonymous_41)","line":226,"loc":{"start":{"line":226,"column":27},"end":{"line":226,"column":49}}},"42":{"name":"filter","line":233,"loc":{"start":{"line":233,"column":20},"end":{"line":233,"column":56}}},"43":{"name":"filter","line":239,"loc":{"start":{"line":239,"column":20},"end":{"line":239,"column":56}}},"44":{"name":"(anonymous_44)","line":255,"loc":{"start":{"line":255,"column":21},"end":{"line":255,"column":59}}},"45":{"name":"(anonymous_45)","line":259,"loc":{"start":{"line":259,"column":23},"end":{"line":259,"column":38}}},"46":{"name":"(anonymous_46)","line":266,"loc":{"start":{"line":266,"column":24},"end":{"line":266,"column":39}}},"47":{"name":"(anonymous_47)","line":273,"loc":{"start":{"line":273,"column":106},"end":{"line":273,"column":122}}},"48":{"name":"(anonymous_48)","line":276,"loc":{"start":{"line":276,"column":27},"end":{"line":276,"column":49}}},"49":{"name":"(anonymous_49)","line":280,"loc":{"start":{"line":280,"column":27},"end":{"line":280,"column":49}}},"50":{"name":"filter","line":287,"loc":{"start":{"line":287,"column":20},"end":{"line":287,"column":56}}},"51":{"name":"filter","line":293,"loc":{"start":{"line":293,"column":20},"end":{"line":293,"column":56}}},"52":{"name":"(anonymous_52)","line":304,"loc":{"start":{"line":304,"column":21},"end":{"line":304,"column":59}}}},"statementMap":{"1":{"start":{"line":1,"column":0},"end":{"line":1,"column":41}},"2":{"start":{"line":2,"column":0},"end":{"line":2,"column":34}},"3":{"start":{"line":3,"column":0},"end":{"line":3,"column":29}},"4":{"start":{"line":4,"column":0},"end":{"line":4,"column":35}},"5":{"start":{"line":36,"column":0},"end":{"line":313,"column":3}},"6":{"start":{"line":38,"column":4},"end":{"line":40,"column":7}},"7":{"start":{"line":39,"column":8},"end":{"line":39,"column":37}},"8":{"start":{"line":42,"column":4},"end":{"line":54,"column":7}},"9":{"start":{"line":43,"column":8},"end":{"line":52,"column":11}},"10":{"start":{"line":46,"column":16},"end":{"line":46,"column":56}},"11":{"start":{"line":49,"column":16},"end":{"line":49,"column":35}},"12":{"start":{"line":53,"column":8},"end":{"line":53,"column":59}},"13":{"start":{"line":55,"column":4},"end":{"line":68,"column":7}},"14":{"start":{"line":56,"column":8},"end":{"line":65,"column":11}},"15":{"start":{"line":59,"column":16},"end":{"line":59,"column":56}},"16":{"start":{"line":62,"column":16},"end":{"line":62,"column":35}},"17":{"start":{"line":66,"column":8},"end":{"line":66,"column":73}},"18":{"start":{"line":67,"column":8},"end":{"line":67,"column":73}},"19":{"start":{"line":69,"column":4},"end":{"line":81,"column":7}},"20":{"start":{"line":70,"column":8},"end":{"line":79,"column":11}},"21":{"start":{"line":73,"column":16},"end":{"line":73,"column":56}},"22":{"start":{"line":76,"column":16},"end":{"line":76,"column":35}},"23":{"start":{"line":80,"column":8},"end":{"line":80,"column":83}},"24":{"start":{"line":82,"column":4},"end":{"line":94,"column":7}},"25":{"start":{"line":83,"column":8},"end":{"line":92,"column":11}},"26":{"start":{"line":86,"column":16},"end":{"line":86,"column":56}},"27":{"start":{"line":89,"column":16},"end":{"line":89,"column":35}},"28":{"start":{"line":93,"column":8},"end":{"line":93,"column":102}},"29":{"start":{"line":95,"column":4},"end":{"line":116,"column":7}},"30":{"start":{"line":96,"column":8},"end":{"line":107,"column":11}},"31":{"start":{"line":100,"column":16},"end":{"line":100,"column":35}},"32":{"start":{"line":101,"column":16},"end":{"line":101,"column":28}},"33":{"start":{"line":104,"column":16},"end":{"line":104,"column":35}},"34":{"start":{"line":108,"column":8},"end":{"line":110,"column":10}},"35":{"start":{"line":109,"column":12},"end":{"line":109,"column":39}},"36":{"start":{"line":111,"column":8},"end":{"line":113,"column":10}},"37":{"start":{"line":112,"column":12},"end":{"line":112,"column":43}},"38":{"start":{"line":114,"column":8},"end":{"line":114,"column":108}},"39":{"start":{"line":119,"column":4},"end":{"line":145,"column":7}},"40":{"start":{"line":120,"column":8},"end":{"line":129,"column":11}},"41":{"start":{"line":123,"column":16},"end":{"line":123,"column":28}},"42":{"start":{"line":126,"column":16},"end":{"line":126,"column":35}},"43":{"start":{"line":130,"column":8},"end":{"line":135,"column":10}},"44":{"start":{"line":133,"column":16},"end":{"line":133,"column":41}},"45":{"start":{"line":136,"column":8},"end":{"line":136,"column":38}},"46":{"start":{"line":137,"column":8},"end":{"line":139,"column":10}},"47":{"start":{"line":138,"column":12},"end":{"line":138,"column":44}},"48":{"start":{"line":140,"column":8},"end":{"line":142,"column":10}},"49":{"start":{"line":141,"column":12},"end":{"line":141,"column":40}},"50":{"start":{"line":143,"column":8},"end":{"line":143,"column":108}},"51":{"start":{"line":147,"column":4},"end":{"line":180,"column":7}},"52":{"start":{"line":148,"column":8},"end":{"line":157,"column":10}},"53":{"start":{"line":151,"column":16},"end":{"line":151,"column":28}},"54":{"start":{"line":154,"column":16},"end":{"line":154,"column":35}},"55":{"start":{"line":158,"column":8},"end":{"line":163,"column":10}},"56":{"start":{"line":161,"column":16},"end":{"line":161,"column":41}},"57":{"start":{"line":164,"column":8},"end":{"line":164,"column":42}},"58":{"start":{"line":165,"column":8},"end":{"line":165,"column":28}},"59":{"start":{"line":167,"column":8},"end":{"line":167,"column":39}},"60":{"start":{"line":169,"column":8},"end":{"line":169,"column":38}},"61":{"start":{"line":171,"column":8},"end":{"line":174,"column":10}},"62":{"start":{"line":172,"column":12},"end":{"line":172,"column":46}},"63":{"start":{"line":173,"column":12},"end":{"line":173,"column":46}},"64":{"start":{"line":175,"column":8},"end":{"line":177,"column":10}},"65":{"start":{"line":176,"column":12},"end":{"line":176,"column":39}},"66":{"start":{"line":178,"column":8},"end":{"line":178,"column":108}},"67":{"start":{"line":182,"column":4},"end":{"line":218,"column":7}},"68":{"start":{"line":183,"column":8},"end":{"line":191,"column":10}},"69":{"start":{"line":186,"column":16},"end":{"line":186,"column":28}},"70":{"start":{"line":189,"column":16},"end":{"line":189,"column":35}},"71":{"start":{"line":193,"column":8},"end":{"line":198,"column":10}},"72":{"start":{"line":196,"column":16},"end":{"line":196,"column":41}},"73":{"start":{"line":199,"column":8},"end":{"line":199,"column":38}},"74":{"start":{"line":200,"column":8},"end":{"line":200,"column":51}},"75":{"start":{"line":201,"column":8},"end":{"line":201,"column":36}},"76":{"start":{"line":203,"column":8},"end":{"line":203,"column":39}},"77":{"start":{"line":204,"column":8},"end":{"line":206,"column":9}},"78":{"start":{"line":205,"column":12},"end":{"line":205,"column":37}},"79":{"start":{"line":208,"column":8},"end":{"line":212,"column":10}},"80":{"start":{"line":210,"column":12},"end":{"line":210,"column":46}},"81":{"start":{"line":211,"column":12},"end":{"line":211,"column":46}},"82":{"start":{"line":213,"column":8},"end":{"line":215,"column":10}},"83":{"start":{"line":214,"column":12},"end":{"line":214,"column":40}},"84":{"start":{"line":216,"column":8},"end":{"line":216,"column":108}},"85":{"start":{"line":220,"column":4},"end":{"line":272,"column":7}},"86":{"start":{"line":221,"column":8},"end":{"line":229,"column":10}},"87":{"start":{"line":224,"column":16},"end":{"line":224,"column":28}},"88":{"start":{"line":227,"column":16},"end":{"line":227,"column":35}},"89":{"start":{"line":231,"column":8},"end":{"line":236,"column":10}},"90":{"start":{"line":234,"column":16},"end":{"line":234,"column":41}},"91":{"start":{"line":237,"column":8},"end":{"line":242,"column":10}},"92":{"start":{"line":240,"column":16},"end":{"line":240,"column":41}},"93":{"start":{"line":243,"column":8},"end":{"line":243,"column":42}},"94":{"start":{"line":244,"column":8},"end":{"line":244,"column":43}},"95":{"start":{"line":247,"column":8},"end":{"line":247,"column":29}},"96":{"start":{"line":248,"column":8},"end":{"line":248,"column":30}},"97":{"start":{"line":249,"column":8},"end":{"line":249,"column":38}},"98":{"start":{"line":250,"column":8},"end":{"line":250,"column":38}},"99":{"start":{"line":251,"column":8},"end":{"line":251,"column":51}},"100":{"start":{"line":252,"column":8},"end":{"line":252,"column":36}},"101":{"start":{"line":254,"column":8},"end":{"line":254,"column":39}},"102":{"start":{"line":255,"column":8},"end":{"line":257,"column":9}},"103":{"start":{"line":256,"column":12},"end":{"line":256,"column":37}},"104":{"start":{"line":259,"column":8},"end":{"line":265,"column":10}},"105":{"start":{"line":261,"column":12},"end":{"line":261,"column":46}},"106":{"start":{"line":262,"column":12},"end":{"line":262,"column":46}},"107":{"start":{"line":263,"column":12},"end":{"line":263,"column":47}},"108":{"start":{"line":264,"column":12},"end":{"line":264,"column":47}},"109":{"start":{"line":266,"column":8},"end":{"line":269,"column":10}},"110":{"start":{"line":268,"column":12},"end":{"line":268,"column":39}},"111":{"start":{"line":270,"column":8},"end":{"line":270,"column":108}},"112":{"start":{"line":273,"column":4},"end":{"line":310,"column":7}},"113":{"start":{"line":274,"column":8},"end":{"line":283,"column":10}},"114":{"start":{"line":277,"column":16},"end":{"line":277,"column":65}},"115":{"start":{"line":278,"column":16},"end":{"line":278,"column":28}},"116":{"start":{"line":281,"column":16},"end":{"line":281,"column":35}},"117":{"start":{"line":285,"column":8},"end":{"line":290,"column":10}},"118":{"start":{"line":288,"column":16},"end":{"line":288,"column":41}},"119":{"start":{"line":291,"column":8},"end":{"line":296,"column":10}},"120":{"start":{"line":294,"column":16},"end":{"line":294,"column":41}},"121":{"start":{"line":298,"column":8},"end":{"line":298,"column":38}},"122":{"start":{"line":299,"column":8},"end":{"line":299,"column":38}},"123":{"start":{"line":303,"column":8},"end":{"line":303,"column":39}},"124":{"start":{"line":304,"column":8},"end":{"line":306,"column":9}},"125":{"start":{"line":305,"column":12},"end":{"line":305,"column":37}},"126":{"start":{"line":308,"column":8},"end":{"line":308,"column":76}}},"branchMap":{}},"/Users/marcusdb/Documents/Env/workspace/microGears/src/index.js":{"path":"/Users/marcusdb/Documents/Env/workspace/microGears/src/index.js","s":{"1":1,"2":1,"3":1,"4":1,"5":1,"6":1,"7":7,"8":0,"9":7,"10":0,"11":7,"12":0,"13":7,"14":7,"15":1,"16":0,"17":0,"18":0,"19":0,"20":1,"21":8,"22":8,"23":8,"24":8,"25":8,"26":8,"27":1,"28":8,"29":8,"30":8,"31":8,"32":7,"33":8,"34":8,"35":8,"36":1,"37":10,"38":0,"39":1,"40":40,"41":20,"42":20,"43":8,"44":8,"45":8,"46":1,"47":16,"48":4,"49":12,"50":12,"51":12,"52":6,"53":6,"54":0,"55":12,"56":1,"57":10,"58":10,"59":10,"60":10,"61":10,"62":1,"63":10,"64":10,"65":10,"66":9,"67":10,"68":10,"69":10,"70":1,"71":1,"72":1,"73":1,"74":1,"75":1},"b":{"1":[0,7],"2":[0,7],"3":[0,7],"4":[0,0],"5":[8,8],"6":[8,8],"7":[0,10],"8":[20,20],"9":[4,12],"10":[0,6],"11":[6,0],"12":[10,0],"13":[10,1]},"f":{"1":1,"2":7,"3":0,"4":8,"5":8,"6":8,"7":7,"8":8,"9":10,"10":40,"11":8,"12":16,"13":6,"14":10,"15":10,"16":9},"fnMap":{"1":{"name":"ServiceController","line":6,"loc":{"start":{"line":6,"column":20},"end":{"line":6,"column":49}}},"2":{"name":"_addPlugin","line":9,"loc":{"start":{"line":9,"column":17},"end":{"line":9,"column":45}}},"3":{"name":"_removePlugin","line":23,"loc":{"start":{"line":23,"column":20},"end":{"line":23,"column":55}}},"4":{"name":"_buildPluginChainCached","line":31,"loc":{"start":{"line":31,"column":30},"end":{"line":31,"column":76}}},"5":{"name":"_buildPluginChain","line":40,"loc":{"start":{"line":40,"column":24},"end":{"line":40,"column":63}}},"6":{"name":"(anonymous_6)","line":42,"loc":{"start":{"line":42,"column":19},"end":{"line":42,"column":31}}},"7":{"name":"(anonymous_7)","line":45,"loc":{"start":{"line":45,"column":38},"end":{"line":45,"column":51}}},"8":{"name":"(anonymous_8)","line":50,"loc":{"start":{"line":50,"column":21},"end":{"line":50,"column":46}}},"9":{"name":"_validadeService","line":56,"loc":{"start":{"line":56,"column":23},"end":{"line":56,"column":58}}},"10":{"name":"_createPromisifyProxy","line":60,"loc":{"start":{"line":60,"column":28},"end":{"line":60,"column":69}}},"11":{"name":"(anonymous_11)","line":63,"loc":{"start":{"line":63,"column":23},"end":{"line":63,"column":35}}},"12":{"name":"_deepFreeze","line":75,"loc":{"start":{"line":75,"column":18},"end":{"line":75,"column":44}}},"13":{"name":"(anonymous_13)","line":83,"loc":{"start":{"line":83,"column":26},"end":{"line":83,"column":42}}},"14":{"name":"_addService","line":93,"loc":{"start":{"line":93,"column":18},"end":{"line":93,"column":48}}},"15":{"name":"(anonymous_15)","line":102,"loc":{"start":{"line":102,"column":23},"end":{"line":102,"column":35}}},"16":{"name":"(anonymous_16)","line":105,"loc":{"start":{"line":105,"column":26},"end":{"line":105,"column":49}}}},"statementMap":{"1":{"start":{"line":2,"column":0},"end":{"line":2,"column":34}},"2":{"start":{"line":3,"column":0},"end":{"line":3,"column":25}},"3":{"start":{"line":4,"column":0},"end":{"line":4,"column":22}},"4":{"start":{"line":6,"column":0},"end":{"line":121,"column":4}},"5":{"start":{"line":7,"column":4},"end":{"line":7,"column":240}},"6":{"start":{"line":9,"column":4},"end":{"line":21,"column":6}},"7":{"start":{"line":10,"column":8},"end":{"line":12,"column":9}},"8":{"start":{"line":11,"column":12},"end":{"line":11,"column":46}},"9":{"start":{"line":13,"column":8},"end":{"line":15,"column":9}},"10":{"start":{"line":14,"column":12},"end":{"line":14,"column":45}},"11":{"start":{"line":16,"column":8},"end":{"line":18,"column":9}},"12":{"start":{"line":17,"column":12},"end":{"line":17,"column":66}},"13":{"start":{"line":19,"column":8},"end":{"line":19,"column":46}},"14":{"start":{"line":20,"column":8},"end":{"line":20,"column":31}},"15":{"start":{"line":23,"column":4},"end":{"line":29,"column":6}},"16":{"start":{"line":24,"column":8},"end":{"line":26,"column":9}},"17":{"start":{"line":25,"column":12},"end":{"line":25,"column":61}},"18":{"start":{"line":27,"column":8},"end":{"line":27,"column":36}},"19":{"start":{"line":28,"column":8},"end":{"line":28,"column":31}},"20":{"start":{"line":31,"column":4},"end":{"line":38,"column":6}},"21":{"start":{"line":32,"column":8},"end":{"line":32,"column":33}},"22":{"start":{"line":33,"column":8},"end":{"line":33,"column":48}},"23":{"start":{"line":34,"column":8},"end":{"line":34,"column":80}},"24":{"start":{"line":35,"column":8},"end":{"line":35,"column":96}},"25":{"start":{"line":36,"column":8},"end":{"line":36,"column":63}},"26":{"start":{"line":37,"column":8},"end":{"line":37,"column":22}},"27":{"start":{"line":40,"column":4},"end":{"line":54,"column":6}},"28":{"start":{"line":41,"column":8},"end":{"line":41,"column":32}},"29":{"start":{"line":42,"column":8},"end":{"line":44,"column":10}},"30":{"start":{"line":43,"column":12},"end":{"line":43,"column":85}},"31":{"start":{"line":45,"column":8},"end":{"line":47,"column":11}},"32":{"start":{"line":46,"column":12},"end":{"line":46,"column":68}},"33":{"start":{"line":48,"column":8},"end":{"line":48,"column":29}},"34":{"start":{"line":49,"column":8},"end":{"line":53,"column":10}},"35":{"start":{"line":51,"column":16},"end":{"line":51,"column":54}},"36":{"start":{"line":56,"column":4},"end":{"line":58,"column":6}},"37":{"start":{"line":57,"column":8},"end":{"line":57,"column":70}},"38":{"start":{"line":57,"column":37},"end":{"line":57,"column":70}},"39":{"start":{"line":60,"column":4},"end":{"line":73,"column":6}},"40":{"start":{"line":61,"column":8},"end":{"line":71,"column":9}},"41":{"start":{"line":62,"column":12},"end":{"line":62,"column":32}},"42":{"start":{"line":63,"column":12},"end":{"line":70,"column":14}},"43":{"start":{"line":64,"column":16},"end":{"line":64,"column":82}},"44":{"start":{"line":65,"column":16},"end":{"line":68,"column":18}},"45":{"start":{"line":69,"column":16},"end":{"line":69,"column":95}},"46":{"start":{"line":75,"column":4},"end":{"line":92,"column":6}},"47":{"start":{"line":76,"column":8},"end":{"line":76,"column":48}},"48":{"start":{"line":76,"column":37},"end":{"line":76,"column":48}},"49":{"start":{"line":77,"column":8},"end":{"line":77,"column":25}},"50":{"start":{"line":80,"column":8},"end":{"line":80,"column":56}},"51":{"start":{"line":83,"column":8},"end":{"line":89,"column":11}},"52":{"start":{"line":84,"column":12},"end":{"line":84,"column":33}},"53":{"start":{"line":87,"column":12},"end":{"line":88,"column":40}},"54":{"start":{"line":88,"column":16},"end":{"line":88,"column":40}},"55":{"start":{"line":91,"column":8},"end":{"line":91,"column":34}},"56":{"start":{"line":93,"column":4},"end":{"line":100,"column":6}},"57":{"start":{"line":94,"column":8},"end":{"line":94,"column":34}},"58":{"start":{"line":95,"column":8},"end":{"line":95,"column":36}},"59":{"start":{"line":96,"column":8},"end":{"line":96,"column":37}},"60":{"start":{"line":97,"column":8},"end":{"line":97,"column":78}},"61":{"start":{"line":99,"column":8},"end":{"line":99,"column":53}},"62":{"start":{"line":102,"column":4},"end":{"line":111,"column":6}},"63":{"start":{"line":103,"column":8},"end":{"line":103,"column":23}},"64":{"start":{"line":104,"column":8},"end":{"line":104,"column":36}},"65":{"start":{"line":105,"column":8},"end":{"line":107,"column":11}},"66":{"start":{"line":106,"column":12},"end":{"line":106,"column":38}},"67":{"start":{"line":108,"column":8},"end":{"line":108,"column":23}},"68":{"start":{"line":109,"column":8},"end":{"line":109,"column":31}},"69":{"start":{"line":110,"column":8},"end":{"line":110,"column":20}},"70":{"start":{"line":113,"column":4},"end":{"line":113,"column":50}},"71":{"start":{"line":114,"column":4},"end":{"line":114,"column":48}},"72":{"start":{"line":115,"column":4},"end":{"line":115,"column":54}},"73":{"start":{"line":116,"column":4},"end":{"line":116,"column":60}},"74":{"start":{"line":119,"column":4},"end":{"line":119,"column":32}},"75":{"start":{"line":124,"column":0},"end":{"line":124,"column":35}}},"branchMap":{"1":{"line":10,"type":"if","locations":[{"start":{"line":10,"column":8},"end":{"line":10,"column":8}},{"start":{"line":10,"column":8},"end":{"line":10,"column":8}}]},"2":{"line":13,"type":"if","locations":[{"start":{"line":13,"column":8},"end":{"line":13,"column":8}},{"start":{"line":13,"column":8},"end":{"line":13,"column":8}}]},"3":{"line":16,"type":"if","locations":[{"start":{"line":16,"column":8},"end":{"line":16,"column":8}},{"start":{"line":16,"column":8},"end":{"line":16,"column":8}}]},"4":{"line":24,"type":"if","locations":[{"start":{"line":24,"column":8},"end":{"line":24,"column":8}},{"start":{"line":24,"column":8},"end":{"line":24,"column":8}}]},"5":{"line":34,"type":"binary-expr","locations":[{"start":{"line":34,"column":42},"end":{"line":34,"column":73}},{"start":{"line":34,"column":77},"end":{"line":34,"column":79}}]},"6":{"line":35,"type":"binary-expr","locations":[{"start":{"line":35,"column":17},"end":{"line":35,"column":62}},{"start":{"line":35,"column":66},"end":{"line":35,"column":95}}]},"7":{"line":57,"type":"if","locations":[{"start":{"line":57,"column":8},"end":{"line":57,"column":8}},{"start":{"line":57,"column":8},"end":{"line":57,"column":8}}]},"8":{"line":61,"type":"if","locations":[{"start":{"line":61,"column":8},"end":{"line":61,"column":8}},{"start":{"line":61,"column":8},"end":{"line":61,"column":8}}]},"9":{"line":76,"type":"if","locations":[{"start":{"line":76,"column":8},"end":{"line":76,"column":8}},{"start":{"line":76,"column":8},"end":{"line":76,"column":8}}]},"10":{"line":87,"type":"if","locations":[{"start":{"line":87,"column":12},"end":{"line":87,"column":12}},{"start":{"line":87,"column":12},"end":{"line":87,"column":12}}]},"11":{"line":87,"type":"binary-expr","locations":[{"start":{"line":87,"column":16},"end":{"line":87,"column":39}},{"start":{"line":87,"column":43},"end":{"line":87,"column":65}}]},"12":{"line":95,"type":"binary-expr","locations":[{"start":{"line":95,"column":20},"end":{"line":95,"column":29}},{"start":{"line":95,"column":33},"end":{"line":95,"column":35}}]},"13":{"line":104,"type":"binary-expr","locations":[{"start":{"line":104,"column":20},"end":{"line":104,"column":29}},{"start":{"line":104,"column":33},"end":{"line":104,"column":35}}]}}}}