TN:
SF:/Users/marcusdb/Documents/Env/workspace/microGears/spec/microGearsSpec.js
FN:36,(anonymous_1)
FN:38,(anonymous_2)
FN:42,(anonymous_3)
FN:45,(anonymous_4)
FN:48,(anonymous_5)
FN:55,(anonymous_6)
FN:58,(anonymous_7)
FN:61,(anonymous_8)
FN:69,(anonymous_9)
FN:72,(anonymous_10)
FN:75,(anonymous_11)
FN:82,(anonymous_12)
FN:85,(anonymous_13)
FN:88,(anonymous_14)
FN:95,(anonymous_15)
FN:98,(anonymous_16)
FN:103,(anonymous_17)
FN:108,(anonymous_18)
FN:111,(anonymous_19)
FN:119,(anonymous_20)
FN:122,(anonymous_21)
FN:125,(anonymous_22)
FN:132,filter
FN:137,(anonymous_24)
FN:140,(anonymous_25)
FN:147,(anonymous_26)
FN:150,(anonymous_27)
FN:153,(anonymous_28)
FN:160,filter
FN:171,(anonymous_30)
FN:175,(anonymous_31)
FN:182,(anonymous_32)
FN:185,(anonymous_33)
FN:188,(anonymous_34)
FN:195,filter
FN:204,(anonymous_36)
FN:208,(anonymous_37)
FN:213,(anonymous_38)
FN:220,(anonymous_39)
FN:223,(anonymous_40)
FN:226,(anonymous_41)
FN:233,filter
FN:239,filter
FN:255,(anonymous_44)
FN:259,(anonymous_45)
FN:266,(anonymous_46)
FN:273,(anonymous_47)
FN:276,(anonymous_48)
FN:280,(anonymous_49)
FN:287,filter
FN:293,filter
FN:304,(anonymous_52)
FNF:52
FNH:32
FNDA:1,(anonymous_1)
FNDA:10,(anonymous_2)
FNDA:1,(anonymous_3)
FNDA:0,(anonymous_4)
FNDA:0,(anonymous_5)
FNDA:1,(anonymous_6)
FNDA:0,(anonymous_7)
FNDA:0,(anonymous_8)
FNDA:1,(anonymous_9)
FNDA:1,(anonymous_10)
FNDA:0,(anonymous_11)
FNDA:1,(anonymous_12)
FNDA:1,(anonymous_13)
FNDA:0,(anonymous_14)
FNDA:1,(anonymous_15)
FNDA:1,(anonymous_16)
FNDA:0,(anonymous_17)
FNDA:0,(anonymous_18)
FNDA:1,(anonymous_19)
FNDA:1,(anonymous_20)
FNDA:1,(anonymous_21)
FNDA:0,(anonymous_22)
FNDA:1,filter
FNDA:1,(anonymous_24)
FNDA:0,(anonymous_25)
FNDA:1,(anonymous_26)
FNDA:1,(anonymous_27)
FNDA:0,(anonymous_28)
FNDA:1,filter
FNDA:1,(anonymous_30)
FNDA:0,(anonymous_31)
FNDA:1,(anonymous_32)
FNDA:1,(anonymous_33)
FNDA:0,(anonymous_34)
FNDA:1,filter
FNDA:0,(anonymous_36)
FNDA:1,(anonymous_37)
FNDA:0,(anonymous_38)
FNDA:1,(anonymous_39)
FNDA:1,(anonymous_40)
FNDA:0,(anonymous_41)
FNDA:1,filter
FNDA:1,filter
FNDA:0,(anonymous_44)
FNDA:1,(anonymous_45)
FNDA:0,(anonymous_46)
FNDA:1,(anonymous_47)
FNDA:1,(anonymous_48)
FNDA:0,(anonymous_49)
FNDA:1,filter
FNDA:1,filter
FNDA:0,(anonymous_52)
DA:1,1
DA:2,1
DA:3,1
DA:4,1
DA:36,1
DA:38,1
DA:39,10
DA:42,1
DA:43,1
DA:46,0
DA:49,0
DA:53,1
DA:55,1
DA:56,1
DA:59,0
DA:62,0
DA:66,1
DA:67,1
DA:69,1
DA:70,1
DA:73,1
DA:76,0
DA:80,1
DA:82,1
DA:83,1
DA:86,1
DA:89,0
DA:93,1
DA:95,1
DA:96,1
DA:100,1
DA:101,0
DA:104,0
DA:108,1
DA:109,0
DA:111,1
DA:112,1
DA:114,1
DA:119,1
DA:120,1
DA:123,1
DA:126,0
DA:130,1
DA:133,1
DA:136,1
DA:137,1
DA:138,1
DA:140,1
DA:141,0
DA:143,1
DA:147,1
DA:148,1
DA:151,1
DA:154,0
DA:158,1
DA:161,1
DA:164,1
DA:165,1
DA:167,1
DA:169,1
DA:171,1
DA:172,1
DA:173,1
DA:175,1
DA:176,0
DA:178,1
DA:182,1
DA:183,1
DA:186,1
DA:189,0
DA:193,1
DA:196,1
DA:199,1
DA:200,1
DA:201,1
DA:203,1
DA:204,1
DA:205,0
DA:208,1
DA:210,1
DA:211,1
DA:213,1
DA:214,0
DA:216,1
DA:220,1
DA:221,1
DA:224,1
DA:227,0
DA:231,1
DA:234,1
DA:237,1
DA:240,1
DA:243,1
DA:244,1
DA:247,1
DA:248,1
DA:249,1
DA:250,1
DA:251,1
DA:252,1
DA:254,1
DA:255,1
DA:256,0
DA:259,1
DA:261,1
DA:262,1
DA:263,1
DA:264,1
DA:266,1
DA:268,0
DA:270,1
DA:273,1
DA:274,1
DA:277,1
DA:278,1
DA:281,0
DA:285,1
DA:288,1
DA:291,1
DA:294,1
DA:298,1
DA:299,1
DA:303,1
DA:304,1
DA:305,0
DA:308,1
LF:126
LH:105
BRF:0
BRH:0
end_of_record
TN:
SF:/Users/marcusdb/Documents/Env/workspace/microGears/src/index.js
FN:6,ServiceController
FN:9,_addPlugin
FN:23,_removePlugin
FN:31,_buildPluginChainCached
FN:40,_buildPluginChain
FN:42,(anonymous_6)
FN:45,(anonymous_7)
FN:50,(anonymous_8)
FN:56,_validadeService
FN:60,_createPromisifyProxy
FN:63,(anonymous_11)
FN:75,_deepFreeze
FN:83,(anonymous_13)
FN:93,_addService
FN:102,(anonymous_15)
FN:105,(anonymous_16)
FNF:16
FNH:15
FNDA:1,ServiceController
FNDA:7,_addPlugin
FNDA:0,_removePlugin
FNDA:8,_buildPluginChainCached
FNDA:8,_buildPluginChain
FNDA:8,(anonymous_6)
FNDA:7,(anonymous_7)
FNDA:8,(anonymous_8)
FNDA:10,_validadeService
FNDA:40,_createPromisifyProxy
FNDA:8,(anonymous_11)
FNDA:16,_deepFreeze
FNDA:6,(anonymous_13)
FNDA:10,_addService
FNDA:10,(anonymous_15)
FNDA:9,(anonymous_16)
DA:2,1
DA:3,1
DA:4,1
DA:6,1
DA:7,1
DA:9,1
DA:10,7
DA:11,0
DA:13,7
DA:14,0
DA:16,7
DA:17,0
DA:19,7
DA:20,7
DA:23,1
DA:24,0
DA:25,0
DA:27,0
DA:28,0
DA:31,1
DA:32,8
DA:33,8
DA:34,8
DA:35,8
DA:36,8
DA:37,8
DA:40,1
DA:41,8
DA:42,8
DA:43,8
DA:45,8
DA:46,7
DA:48,8
DA:49,8
DA:51,8
DA:56,1
DA:57,10
DA:60,1
DA:61,40
DA:62,20
DA:63,20
DA:64,8
DA:65,8
DA:69,8
DA:75,1
DA:76,16
DA:77,12
DA:80,12
DA:83,12
DA:84,6
DA:87,6
DA:88,0
DA:91,12
DA:93,1
DA:94,10
DA:95,10
DA:96,10
DA:97,10
DA:99,10
DA:102,1
DA:103,10
DA:104,10
DA:105,10
DA:106,9
DA:108,10
DA:109,10
DA:110,10
DA:113,1
DA:114,1
DA:115,1
DA:116,1
DA:119,1
DA:124,1
LF:73
LH:65
BRDA:10,1,0,0
BRDA:10,1,1,7
BRDA:13,2,0,0
BRDA:13,2,1,7
BRDA:16,3,0,0
BRDA:16,3,1,7
BRDA:24,4,0,0
BRDA:24,4,1,0
BRDA:34,5,0,8
BRDA:34,5,1,8
BRDA:35,6,0,8
BRDA:35,6,1,8
BRDA:57,7,0,0
BRDA:57,7,1,10
BRDA:61,8,0,20
BRDA:61,8,1,20
BRDA:76,9,0,4
BRDA:76,9,1,12
BRDA:87,10,0,0
BRDA:87,10,1,6
BRDA:87,11,0,6
BRDA:87,11,1,0
BRDA:95,12,0,10
BRDA:95,12,1,0
BRDA:104,13,0,10
BRDA:104,13,1,1
BRF:26
BRH:17
end_of_record
