TN:
SF:/Users/marcusdb/Documents/Env/workspace/microGears/spec/microGearsSpec.js
FN:10,(anonymous_1)
FN:12,(anonymous_2)
FN:16,(anonymous_3)
FN:20,(anonymous_4)
FN:23,(anonymous_5)
FN:32,(anonymous_6)
FN:36,(anonymous_7)
FN:39,(anonymous_8)
FN:49,(anonymous_9)
FN:53,(anonymous_10)
FN:56,(anonymous_11)
FN:65,(anonymous_12)
FN:69,(anonymous_13)
FN:72,(anonymous_14)
FN:81,(anonymous_15)
FN:85,(anonymous_16)
FN:89,(anonymous_17)
FN:94,(anonymous_18)
FN:97,(anonymous_19)
FN:105,(anonymous_20)
FN:109,(anonymous_21)
FN:112,(anonymous_22)
FN:119,filter
FN:124,(anonymous_24)
FN:127,(anonymous_25)
FN:134,(anonymous_26)
FN:138,(anonymous_27)
FN:141,(anonymous_28)
FN:148,filter
FN:159,(anonymous_30)
FN:163,(anonymous_31)
FN:170,(anonymous_32)
FN:174,(anonymous_33)
FN:177,(anonymous_34)
FN:184,filter
FN:194,(anonymous_36)
FN:199,(anonymous_37)
FN:206,(anonymous_38)
FN:210,(anonymous_39)
FN:213,(anonymous_40)
FN:220,filter
FN:227,filter
FN:242,(anonymous_43)
FN:249,(anonymous_44)
FN:256,(anonymous_45)
FN:260,(anonymous_46)
FN:264,(anonymous_47)
FN:271,filter
FN:277,filter
FN:291,(anonymous_50)
FN:296,(anonymous_51)
FN:300,(anonymous_52)
FN:311,(anonymous_53)
FN:315,(anonymous_54)
FN:321,(anonymous_55)
FN:326,(anonymous_56)
FN:330,(anonymous_57)
FN:341,filter
FN:347,filter
FN:357,(anonymous_60)
FN:361,(anonymous_61)
FN:367,(anonymous_62)
FN:372,(anonymous_63)
FN:376,(anonymous_64)
FN:387,filter
FN:388,(anonymous_66)
FN:395,filter
FN:405,(anonymous_68)
FN:414,(anonymous_69)
FN:419,(anonymous_70)
FN:424,(anonymous_71)
FN:435,filter
FN:444,(anonymous_73)
FN:451,(anonymous_74)
FN:466,(anonymous_75)
FN:476,(anonymous_76)
FN:481,(anonymous_77)
FN:485,(anonymous_78)
FN:493,filter
FN:498,(anonymous_80)
FN:506,filter
FN:512,(anonymous_82)
FN:520,filter
FN:533,(anonymous_84)
FNF:84
FNH:62
FNDA:1,(anonymous_1)
FNDA:15,(anonymous_2)
FNDA:1,(anonymous_3)
FNDA:0,(anonymous_4)
FNDA:0,(anonymous_5)
FNDA:1,(anonymous_6)
FNDA:0,(anonymous_7)
FNDA:0,(anonymous_8)
FNDA:1,(anonymous_9)
FNDA:1,(anonymous_10)
FNDA:0,(anonymous_11)
FNDA:1,(anonymous_12)
FNDA:1,(anonymous_13)
FNDA:0,(anonymous_14)
FNDA:1,(anonymous_15)
FNDA:1,(anonymous_16)
FNDA:0,(anonymous_17)
FNDA:1,(anonymous_18)
FNDA:0,(anonymous_19)
FNDA:1,(anonymous_20)
FNDA:0,(anonymous_21)
FNDA:0,(anonymous_22)
FNDA:0,filter
FNDA:1,(anonymous_24)
FNDA:0,(anonymous_25)
FNDA:1,(anonymous_26)
FNDA:1,(anonymous_27)
FNDA:0,(anonymous_28)
FNDA:1,filter
FNDA:1,(anonymous_30)
FNDA:0,(anonymous_31)
FNDA:1,(anonymous_32)
FNDA:1,(anonymous_33)
FNDA:0,(anonymous_34)
FNDA:1,filter
FNDA:1,(anonymous_36)
FNDA:0,(anonymous_37)
FNDA:1,(anonymous_38)
FNDA:1,(anonymous_39)
FNDA:0,(anonymous_40)
FNDA:1,filter
FNDA:1,filter
FNDA:1,(anonymous_43)
FNDA:0,(anonymous_44)
FNDA:1,(anonymous_45)
FNDA:1,(anonymous_46)
FNDA:0,(anonymous_47)
FNDA:1,filter
FNDA:1,filter
FNDA:1,(anonymous_50)
FNDA:1,(anonymous_51)
FNDA:1,(anonymous_52)
FNDA:1,(anonymous_53)
FNDA:1,(anonymous_54)
FNDA:1,(anonymous_55)
FNDA:1,(anonymous_56)
FNDA:1,(anonymous_57)
FNDA:2,filter
FNDA:2,filter
FNDA:1,(anonymous_60)
FNDA:1,(anonymous_61)
FNDA:1,(anonymous_62)
FNDA:1,(anonymous_63)
FNDA:0,(anonymous_64)
FNDA:1,filter
FNDA:1,(anonymous_66)
FNDA:1,filter
FNDA:1,(anonymous_68)
FNDA:1,(anonymous_69)
FNDA:1,(anonymous_70)
FNDA:0,(anonymous_71)
FNDA:1,filter
FNDA:1,(anonymous_73)
FNDA:1,(anonymous_74)
FNDA:1,(anonymous_75)
FNDA:1,(anonymous_76)
FNDA:0,(anonymous_77)
FNDA:1,(anonymous_78)
FNDA:1,filter
FNDA:1,(anonymous_80)
FNDA:1,filter
FNDA:1,(anonymous_82)
FNDA:1,filter
FNDA:1,(anonymous_84)
DA:5,1
DA:6,1
DA:7,1
DA:8,1
DA:10,1
DA:12,1
DA:13,15
DA:16,1
DA:17,1
DA:21,0
DA:24,0
DA:29,1
DA:32,1
DA:33,1
DA:37,0
DA:40,0
DA:45,1
DA:46,1
DA:49,1
DA:50,1
DA:54,1
DA:57,0
DA:62,1
DA:65,1
DA:66,1
DA:70,1
DA:73,0
DA:78,1
DA:81,1
DA:82,1
DA:86,1
DA:87,1
DA:90,0
DA:94,1
DA:95,1
DA:97,1
DA:98,0
DA:101,1
DA:105,1
DA:106,1
DA:110,0
DA:113,0
DA:117,1
DA:120,0
DA:123,1
DA:124,1
DA:125,1
DA:127,1
DA:128,0
DA:130,1
DA:134,1
DA:135,1
DA:139,1
DA:142,0
DA:146,1
DA:149,1
DA:152,1
DA:153,1
DA:155,1
DA:157,1
DA:159,1
DA:160,1
DA:161,1
DA:163,1
DA:164,0
DA:166,1
DA:170,1
DA:171,1
DA:175,1
DA:178,0
DA:182,1
DA:185,1
DA:188,1
DA:189,1
DA:190,1
DA:192,1
DA:194,1
DA:196,1
DA:197,1
DA:199,1
DA:200,0
DA:202,1
DA:206,1
DA:207,1
DA:211,1
DA:214,0
DA:218,1
DA:221,1
DA:222,1
DA:225,1
DA:228,1
DA:229,1
DA:232,1
DA:233,1
DA:235,1
DA:236,1
DA:237,1
DA:238,1
DA:240,1
DA:242,1
DA:243,1
DA:244,1
DA:245,1
DA:246,1
DA:247,1
DA:249,1
DA:250,0
DA:252,1
DA:256,1
DA:257,1
DA:261,1
DA:262,1
DA:265,0
DA:269,1
DA:272,1
DA:275,1
DA:278,1
DA:282,1
DA:283,1
DA:285,1
DA:287,1
DA:291,1
DA:292,1
DA:293,1
DA:297,1
DA:298,1
DA:301,1
DA:302,1
DA:303,1
DA:304,1
DA:305,1
DA:309,1
DA:311,1
DA:312,1
DA:315,1
DA:316,1
DA:321,1
DA:322,1
DA:323,1
DA:327,1
DA:328,1
DA:331,1
DA:332,1
DA:333,1
DA:334,1
DA:335,1
DA:339,1
DA:342,2
DA:345,1
DA:348,2
DA:352,1
DA:353,1
DA:355,1
DA:357,1
DA:358,1
DA:361,1
DA:362,1
DA:367,1
DA:368,1
DA:369,1
DA:373,1
DA:374,1
DA:377,0
DA:378,0
DA:379,0
DA:380,0
DA:381,0
DA:385,1
DA:388,1
DA:389,1
DA:393,1
DA:396,1
DA:400,1
DA:401,1
DA:403,1
DA:405,1
DA:406,1
DA:407,1
DA:410,1
DA:414,1
DA:415,1
DA:416,1
DA:420,1
DA:421,1
DA:425,0
DA:426,0
DA:427,0
DA:428,0
DA:429,0
DA:433,1
DA:437,1
DA:442,1
DA:445,1
DA:446,1
DA:447,1
DA:448,1
DA:449,1
DA:451,1
DA:452,1
DA:453,1
DA:454,1
DA:461,1
DA:462,1
DA:464,1
DA:466,1
DA:468,1
DA:469,1
DA:472,1
DA:476,1
DA:477,1
DA:478,1
DA:482,0
DA:487,1
DA:491,1
DA:495,1
DA:496,1
DA:497,1
DA:498,1
DA:499,1
DA:504,1
DA:508,1
DA:509,1
DA:510,1
DA:512,1
DA:513,1
DA:518,1
DA:522,1
DA:527,1
DA:528,1
DA:529,1
DA:531,1
DA:533,1
DA:535,1
DA:536,1
DA:539,1
LF:235
LH:205
BRDA:447,1,0,1
BRDA:447,1,1,0
BRDA:452,2,0,1
BRDA:452,2,1,0
BRF:4
BRH:2
end_of_record
TN:
SF:/Users/marcusdb/Documents/Env/workspace/microGears/src/index.js
FN:7,ServiceController
FN:10,_addPlugin
FN:24,_removePlugin
FN:32,_buildPluginChainCached
FN:41,_buildPluginChain
FN:43,(anonymous_6)
FN:46,(anonymous_7)
FN:51,(anonymous_8)
FN:57,_validadeService
FN:63,_createPromisifyProxy
FN:66,(anonymous_11)
FN:79,_addService
FN:94,(anonymous_13)
FN:97,(anonymous_14)
FNF:14
FNH:13
FNDA:1,ServiceController
FNDA:16,_addPlugin
FNDA:0,_removePlugin
FNDA:15,_buildPluginChainCached
FNDA:15,_buildPluginChain
FNDA:14,(anonymous_6)
FNDA:18,(anonymous_7)
FNDA:15,(anonymous_8)
FNDA:15,_validadeService
FNDA:60,_createPromisifyProxy
FNDA:15,(anonymous_11)
FNDA:15,_addService
FNDA:15,(anonymous_13)
FNDA:14,(anonymous_14)
DA:3,1
DA:4,1
DA:5,1
DA:7,1
DA:8,1
DA:10,1
DA:11,16
DA:12,0
DA:14,16
DA:15,0
DA:17,16
DA:18,0
DA:20,16
DA:21,16
DA:24,1
DA:25,0
DA:26,0
DA:28,0
DA:29,0
DA:32,1
DA:33,15
DA:34,15
DA:35,15
DA:36,15
DA:37,15
DA:38,15
DA:41,1
DA:42,15
DA:43,15
DA:44,14
DA:46,15
DA:47,18
DA:49,15
DA:50,15
DA:52,15
DA:57,1
DA:58,15
DA:59,0
DA:63,1
DA:64,60
DA:65,30
DA:66,30
DA:67,15
DA:68,15
DA:73,15
DA:79,1
DA:80,15
DA:81,0
DA:83,15
DA:84,0
DA:86,15
DA:87,15
DA:88,15
DA:89,15
DA:91,15
DA:94,1
DA:95,15
DA:96,15
DA:97,15
DA:98,14
DA:100,15
DA:101,15
DA:102,15
DA:105,1
DA:106,1
DA:107,1
DA:108,1
DA:110,1
DA:114,1
LF:69
LH:59
BRDA:11,1,0,0
BRDA:11,1,1,16
BRDA:14,2,0,0
BRDA:14,2,1,16
BRDA:17,3,0,0
BRDA:17,3,1,16
BRDA:25,4,0,0
BRDA:25,4,1,0
BRDA:35,5,0,15
BRDA:35,5,1,13
BRDA:36,6,0,15
BRDA:36,6,1,15
BRDA:58,7,0,0
BRDA:58,7,1,15
BRDA:64,8,0,30
BRDA:64,8,1,30
BRDA:80,9,0,0
BRDA:80,9,1,15
BRDA:83,10,0,0
BRDA:83,10,1,15
BRDA:87,11,0,15
BRDA:87,11,1,0
BRDA:96,12,0,15
BRDA:96,12,1,1
BRF:24
BRH:15
end_of_record
